<?xml version="1.0" encoding="UTF-8"?>
<testng-results skipped="0" failed="0" total="1" passed="1">
  <reporter-output>
  </reporter-output>
  <suite name="Default suite" duration-ms="21177" started-at="2018-12-15T10:41:09Z" finished-at="2018-12-15T10:41:30Z">
    <groups>
    </groups>
    <test name="Default test" duration-ms="21177" started-at="2018-12-15T10:41:09Z" finished-at="2018-12-15T10:41:30Z">
      <class name="com.crm.qa.testcases.ContactPageTest">
        <test-method status="PASS" signature="setUp()[pri:0, instance:com.crm.qa.testcases.ContactPageTest@604ed9f0]" name="setUp" is-config="true" duration-ms="16703" started-at="2018-12-15T16:11:09Z" finished-at="2018-12-15T16:11:26Z">
          <reporter-output>
          </reporter-output>
        </test-method> <!-- setUp -->
        <test-method status="PASS" signature="validateCreateNewContact()[pri:0, instance:com.crm.qa.testcases.ContactPageTest@604ed9f0]" name="validateCreateNewContact" duration-ms="3724" started-at="2018-12-15T16:11:26Z" finished-at="2018-12-15T16:11:30Z">
          <reporter-output>
          </reporter-output>
        </test-method> <!-- validateCreateNewContact -->
        <test-method status="PASS" signature="tearDown()[pri:0, instance:com.crm.qa.testcases.ContactPageTest@604ed9f0]" name="tearDown" is-config="true" duration-ms="736" started-at="2018-12-15T16:11:30Z" finished-at="2018-12-15T16:11:30Z">
          <reporter-output>
          </reporter-output>
        </test-method> <!-- tearDown -->
      </class> <!-- com.crm.qa.testcases.ContactPageTest -->
    </test> <!-- Default test -->
  </suite> <!-- Default suite -->
</testng-results>
